  ShopSoubi.cpp
c:\users\student\source\repos\coloquest2\colonyquest\colonyquest\shopsoubi.cpp(82): warning C4101: 'src2' : ローカル変数は 1 度も使われていません。
  SceneMap.cpp
c:\users\student\source\repos\coloquest2\colonyquest\colonyquest\scenemap.cpp(28): warning C4482: 非標準の拡張機能が使用されています: enum 'GameL::SOUND_TYPE' が限定名で使用されます
c:\users\student\source\repos\coloquest2\colonyquest\colonyquest\scenemap.cpp(29): warning C4482: 非標準の拡張機能が使用されています: enum 'GameL::SOUND_TYPE' が限定名で使用されます
  SceneItem.cpp
  SceneBattle.cpp
c:\users\student\source\repos\coloquest2\colonyquest\colonyquest\scenebattle.cpp(57): warning C4482: 非標準の拡張機能が使用されています: enum 'GameL::SOUND_TYPE' が限定名で使用されます
  ObjJunpEnemy.cpp
c:\users\student\source\repos\coloquest2\colonyquest\colonyquest\objjunpenemy.cpp(67): warning C4244: '+=' : 'double' から 'float' への変換です。データが失われる可能性があります。
c:\users\student\source\repos\coloquest2\colonyquest\colonyquest\objjunpenemy.cpp(70): warning C4305: '+=' : 'double' から 'float' へ切り詰めます。
  ObjHero.cpp
c:\users\student\source\repos\coloquest2\colonyquest\colonyquest\objhero.cpp(102): warning C4244: '+=' : 'double' から 'float' への変換です。データが失われる可能性があります。
c:\users\student\source\repos\coloquest2\colonyquest\colonyquest\objhero.cpp(203): warning C4244: '引数' : 'double' から 'float' への変換です。データが失われる可能性があります。
c:\users\student\source\repos\coloquest2\colonyquest\colonyquest\objhero.cpp(210): warning C4244: '引数' : 'double' から 'float' への変換です。データが失われる可能性があります。
c:\users\student\source\repos\coloquest2\colonyquest\colonyquest\objhero.cpp(253): warning C4244: '引数' : 'double' から 'float' への変換です。データが失われる可能性があります。
c:\users\student\source\repos\coloquest2\colonyquest\colonyquest\objhero.cpp(260): warning C4244: '引数' : 'double' から 'float' への変換です。データが失われる可能性があります。
  ObjBlock.cpp
  CObjHeroAttack.cpp
  コードを生成中...
  コンパイル中...
  ShopSoubi2.cpp
c:\users\student\source\repos\coloquest2\colonyquest\colonyquest\shopsoubi2.cpp(64): warning C4805: '==' : 演算中の 'float' 型と 'bool' 型の混用は安全ではありません
  SceneTitle.cpp
  SceneItem2.cpp
  ObjTitle.cpp
  ObjTime.cpp
  ObjEnemy.cpp
c:\users\student\source\repos\coloquest2\colonyquest\colonyquest\objenemy.cpp(58): warning C4244: '+=' : 'double' から 'float' への変換です。データが失われる可能性があります。
  ObjBatoru.cpp
  GameL_Main.cpp
  コードを生成中...
CObjHeroAttack.obj : warning LNK4075: /EDITANDCONTINUE は /OPT:ICF の指定によって無視されます。
  ColonyQuest.vcxproj -> C:\Users\student\Source\Repos\ColoQuest2\ColonyQuest\Debug\ColonyQuest.exe
